<?xml version="1.0" encoding="UTF-8"?>
<robot generator="Robot 7.2.2 (Python 3.13.1 on win32)" generated="2025-03-30T11:22:11.145304" rpa="false" schemaversion="5">
<suite id="s1" name="Tehtava4" source="C:\Users\attek\Web-kehitys\vk4\yksilo-projekti\tehtava4.robot">
<test id="s1-t1" name="Add Diary Entry" line="16">
<kw name="New Browser" owner="Browser">
<msg time="2025-03-30T11:22:11.416386" level="INFO">{"browser": "chromium", "headless": false, "chromiumSandbox": false, "devtools": false, "handleSIGHUP": true, "handleSIGINT": true, "handleSIGTERM": true, "slowMo": 0.0, "timeout": 30000.0, "tracesDir": "C:\\Users\\attek\\Web-kehitys\\vk4\\yksilo-projekti\\browser\\traces\\temp\\67ce3e34-793d-4cea-a984-23632294cd32"}</msg>
<msg time="2025-03-30T11:22:11.451296" level="INFO">Starting Browser process C:\Users\attek\Web-kehitys\vk4\yksilo-projekti\.venv\Lib\site-packages\Browser\wrapper\index.js using port 62615</msg>
<msg time="2025-03-30T11:22:11.451760" level="INFO">Node startup parameters: ['node', 'C:\\Users\\attek\\Web-kehitys\\vk4\\yksilo-projekti\\.venv\\Lib\\site-packages\\Browser\\wrapper\\index.js', '62615']</msg>
<msg time="2025-03-30T11:22:13.530789" level="INFO">Successfully created browser with options: {"browser":"chromium","headless":false,"chromiumSandbox":false,"devtools":false,"handleSIGHUP":true,"handleSIGINT":true,"handleSIGTERM":true,"slowMo":0,"timeout":30000,"tracesDir":"C:\\Users\\attek\\Web-kehitys\\vk4\\yksilo-projekti\\browser\\traces\\temp\\67ce3e34-793d-4cea-a984-23632294cd32"}</msg>
<arg>chromium</arg>
<arg>headless=No</arg>
<tag>BrowserControl</tag>
<tag>Setter</tag>
<doc>Create a new playwright Browser with specified options.</doc>
<status status="PASS" start="2025-03-30T11:22:11.414185" elapsed="2.117096"/>
</kw>
<kw name="New Page" owner="Browser">
<msg time="2025-03-30T11:22:13.962424" level="INFO">Successfully initialized new page object and opened url: http://localhost:5173/src/pages/userinfo.html</msg>
<msg time="2025-03-30T11:22:13.962574" level="INFO">No context was open. New context was automatically opened when this page is created.</msg>
<arg>${USERINFO_URL}</arg>
<tag>BrowserControl</tag>
<tag>Setter</tag>
<doc>Open a new Page.</doc>
<status status="PASS" start="2025-03-30T11:22:13.535968" elapsed="0.427583"/>
</kw>
<kw name="Wait For Elements State" owner="Browser">
<msg time="2025-03-30T11:22:14.016285" level="INFO">Waited for Element with selector css=button[onclick="addEntry()"] at state visible</msg>
<arg>css=button[onclick="addEntry()"]</arg>
<arg>visible</arg>
<arg>timeout=15s</arg>
<tag>PageContent</tag>
<tag>Wait</tag>
<doc>Waits for the element found by ``selector`` to satisfy state option.</doc>
<status status="PASS" start="2025-03-30T11:22:13.964069" elapsed="0.052432"/>
</kw>
<kw name="Click" owner="Browser">
<msg time="2025-03-30T11:22:14.017716" level="INFO">Clicks the element 'css=button[onclick="addEntry()"]'.</msg>
<arg>css=button[onclick="addEntry()"]</arg>
<tag>PageContent</tag>
<tag>Setter</tag>
<doc>Simulates mouse click on the element found by ``selector``.</doc>
<status status="PASS" start="2025-03-30T11:22:14.016944" elapsed="0.177910"/>
</kw>
<kw name="Wait For Elements State" owner="Browser">
<msg time="2025-03-30T11:22:14.209152" level="INFO">Waited for Element with selector css=dialog#myDialog at state visible</msg>
<arg>css=dialog#myDialog</arg>
<arg>visible</arg>
<arg>timeout=10s</arg>
<tag>PageContent</tag>
<tag>Wait</tag>
<doc>Waits for the element found by ``selector`` to satisfy state option.</doc>
<status status="PASS" start="2025-03-30T11:22:14.195317" elapsed="0.014089"/>
</kw>
<kw name="Select Options By" owner="Browser">
<msg time="2025-03-30T11:22:14.210575" level="INFO">Selects the option(s) ilo by attribute SelectAttribute.value from element css=select#mood.</msg>
<arg>css=select#mood</arg>
<arg>value</arg>
<arg>ilo</arg>
<tag>PageContent</tag>
<tag>Setter</tag>
<doc>Selects options from select element found by ``selector``.</doc>
<status status="PASS" start="2025-03-30T11:22:14.209786" elapsed="0.042269"/>
</kw>
<kw name="Type Text" owner="Browser">
<msg time="2025-03-30T11:22:14.254032" level="INFO">Types the text '2025-03-25' in the given field.</msg>
<arg>css=input[type="date"]</arg>
<arg>${DIARY_ENTRY['date']}</arg>
<tag>PageContent</tag>
<tag>Setter</tag>
<doc>Types the given ``txt`` into the text field found by ``selector``.</doc>
<status status="PASS" start="2025-03-30T11:22:14.252842" elapsed="0.067014"/>
</kw>
<kw name="Type Text" owner="Browser">
<msg time="2025-03-30T11:22:14.322195" level="INFO">Types the text '70.5' in the given field.</msg>
<arg>css=input#weight</arg>
<arg>${DIARY_ENTRY['weight']}</arg>
<tag>PageContent</tag>
<tag>Setter</tag>
<doc>Types the given ``txt`` into the text field found by ``selector``.</doc>
<status status="PASS" start="2025-03-30T11:22:14.320488" elapsed="0.046989"/>
</kw>
<kw name="Type Text" owner="Browser">
<msg time="2025-03-30T11:22:14.369158" level="INFO">Types the text '8' in the given field.</msg>
<arg>css=input#sleep_hours</arg>
<arg>${DIARY_ENTRY['sleep_hours']}</arg>
<tag>PageContent</tag>
<tag>Setter</tag>
<doc>Types the given ``txt`` into the text field found by ``selector``.</doc>
<status status="PASS" start="2025-03-30T11:22:14.367943" elapsed="0.029206"/>
</kw>
<kw name="Type Text" owner="Browser">
<msg time="2025-03-30T11:22:14.398487" level="INFO">Types the text 'Testimerkintä' in the given field.</msg>
<arg>css=textarea#notes</arg>
<arg>${DIARY_ENTRY['notes']}</arg>
<tag>PageContent</tag>
<tag>Setter</tag>
<doc>Types the given ``txt`` into the text field found by ``selector``.</doc>
<status status="PASS" start="2025-03-30T11:22:14.397597" elapsed="0.095433"/>
</kw>
<kw name="Click" owner="Browser">
<msg time="2025-03-30T11:22:14.494216" level="INFO">Clicks the element 'css=button[onclick="submitEntry()"]'.</msg>
<arg>css=button[onclick="submitEntry()"]</arg>
<tag>PageContent</tag>
<tag>Setter</tag>
<doc>Simulates mouse click on the element found by ``selector``.</doc>
<status status="PASS" start="2025-03-30T11:22:14.493486" elapsed="0.050107"/>
</kw>
<kw name="Close Browser" owner="Browser">
<msg time="2025-03-30T11:22:14.919691" level="INFO">Closed browser</msg>
<tag>BrowserControl</tag>
<tag>Setter</tag>
<doc>Closes the current browser.</doc>
<status status="PASS" start="2025-03-30T11:22:14.544068" elapsed="0.375831"/>
</kw>
<status status="PASS" start="2025-03-30T11:22:11.412574" elapsed="3.507712"/>
</test>
<status status="PASS" start="2025-03-30T11:22:11.147063" elapsed="3.820535"/>
</suite>
<statistics>
<total>
<stat pass="1" fail="0" skip="0">All Tests</stat>
</total>
<tag>
</tag>
<suite>
<stat name="Tehtava4" id="s1" pass="1" fail="0" skip="0">Tehtava4</stat>
</suite>
</statistics>
<errors>
</errors>
</robot>
