<?xml version="1.0" encoding="UTF-8"?>
<robot generator="Robot 7.2.2 (Python 3.13.1 on win32)" generated="2025-04-02T16:04:46.519150" rpa="false" schemaversion="5">
<suite id="s1" name="Tehtava5" source="C:\Users\attek\Web-kehitys\vk4\yksilo-projekti\tehtava5.robot">
<test id="s1-t1" name="Test Login Page" line="11">
<kw name="Set Variable" owner="BuiltIn">
<msg time="2025-04-02T16:04:46.963938" level="INFO">${Username} = attek</msg>
<var>${Username}</var>
<arg>%{USERNAME}</arg>
<doc>Returns the given values which can then be assigned to a variables.</doc>
<status status="PASS" start="2025-04-02T16:04:46.963292" elapsed="0.000718"/>
</kw>
<kw name="Set Variable" owner="BuiltIn">
<msg time="2025-04-02T16:04:46.965022" level="INFO">${Password} = salakala2</msg>
<var>${Password}</var>
<arg>%{PASSWORD}</arg>
<doc>Returns the given values which can then be assigned to a variables.</doc>
<status status="PASS" start="2025-04-02T16:04:46.964508" elapsed="0.000572"/>
</kw>
<kw name="New Browser" owner="Browser">
<msg time="2025-04-02T16:04:46.968228" level="INFO">{"browser": "chromium", "headless": false, "chromiumSandbox": false, "devtools": false, "handleSIGHUP": true, "handleSIGINT": true, "handleSIGTERM": true, "slowMo": 0.0, "timeout": 30000.0, "tracesDir": "C:\\Users\\attek\\Web-kehitys\\vk4\\yksilo-projekti\\browser\\traces\\temp\\a4dc972d-bd56-4f6b-9036-af79646979b6"}</msg>
<msg time="2025-04-02T16:04:47.012572" level="INFO">Starting Browser process C:\Users\attek\Web-kehitys\vk4\yksilo-projekti\.venv\Lib\site-packages\Browser\wrapper\index.js using port 55041</msg>
<msg time="2025-04-02T16:04:47.012781" level="INFO">Node startup parameters: ['node', 'C:\\Users\\attek\\Web-kehitys\\vk4\\yksilo-projekti\\.venv\\Lib\\site-packages\\Browser\\wrapper\\index.js', '55041']</msg>
<msg time="2025-04-02T16:04:50.062016" level="INFO">Successfully created browser with options: {"browser":"chromium","headless":false,"chromiumSandbox":false,"devtools":false,"handleSIGHUP":true,"handleSIGINT":true,"handleSIGTERM":true,"slowMo":0,"timeout":30000,"tracesDir":"C:\\Users\\attek\\Web-kehitys\\vk4\\yksilo-projekti\\browser\\traces\\temp\\a4dc972d-bd56-4f6b-9036-af79646979b6"}</msg>
<arg>chromium</arg>
<arg>headless=No</arg>
<tag>BrowserControl</tag>
<tag>Setter</tag>
<doc>Create a new playwright Browser with specified options.</doc>
<status status="PASS" start="2025-04-02T16:04:46.965450" elapsed="3.097112"/>
</kw>
<kw name="New Page" owner="Browser">
<msg time="2025-04-02T16:04:51.275570" level="INFO">Successfully initialized new page object and opened url: http://localhost:5173/src/pages/login.html</msg>
<msg time="2025-04-02T16:04:51.276068" level="INFO">No context was open. New context was automatically opened when this page is created.</msg>
<arg>http://localhost:5173/src/pages/login.html</arg>
<tag>BrowserControl</tag>
<tag>Setter</tag>
<doc>Open a new Page.</doc>
<status status="PASS" start="2025-04-02T16:04:50.063300" elapsed="1.213898"/>
</kw>
<kw name="Get Title" owner="Browser">
<msg time="2025-04-02T16:04:51.311849" level="INFO">Title: 'Kirjaudu sisään'</msg>
<arg>==</arg>
<arg>Kirjaudu sisään</arg>
<tag>Assertion</tag>
<tag>Getter</tag>
<tag>PageContent</tag>
<doc>Returns the title of the current page.</doc>
<status status="PASS" start="2025-04-02T16:04:51.278099" elapsed="0.033939"/>
</kw>
<kw name="Type Text" owner="Browser">
<msg time="2025-04-02T16:04:51.314371" level="INFO">Types the text 'attek' in the given field.</msg>
<arg>[name="username"]</arg>
<arg>${Username}</arg>
<arg>delay=0.1 s</arg>
<tag>PageContent</tag>
<tag>Setter</tag>
<doc>Types the given ``txt`` into the text field found by ``selector``.</doc>
<status status="PASS" start="2025-04-02T16:04:51.312630" elapsed="0.719051"/>
</kw>
<kw name="Type Text" owner="Browser">
<msg time="2025-04-02T16:04:52.033622" level="INFO">Types the text 'salakala2' in the given field.</msg>
<arg>[name="password"]</arg>
<arg>${Password}</arg>
<arg>delay=0.1 s</arg>
<tag>PageContent</tag>
<tag>Setter</tag>
<doc>Types the given ``txt`` into the text field found by ``selector``.</doc>
<status status="PASS" start="2025-04-02T16:04:52.032577" elapsed="1.067962"/>
</kw>
<kw name="Click With Options" owner="Browser">
<msg time="2025-04-02T16:04:53.102240" level="INFO">Clicks the element 'css=.login-button'.</msg>
<arg>css=.login-button</arg>
<arg>delay=2 s</arg>
<tag>PageContent</tag>
<tag>Setter</tag>
<doc>Simulates mouse click on the element found by ``selector``.</doc>
<status status="PASS" start="2025-04-02T16:04:53.101174" elapsed="2.106420"/>
</kw>
<kw name="Get Text" owner="Browser">
<msg time="2025-04-02T16:04:55.270541" level="INFO">Text: ''</msg>
<arg>id=loginResponse</arg>
<arg>!=</arg>
<arg>Virheellinen käyttäjätunnus tai salasana</arg>
<tag>Assertion</tag>
<tag>Getter</tag>
<tag>PageContent</tag>
<doc>Returns text attribute of the element found by ``selector``.</doc>
<status status="PASS" start="2025-04-02T16:04:55.208317" elapsed="0.062461"/>
</kw>
<msg time="2025-04-02T16:04:55.279436" level="INFO">Set timeout to: 10000</msg>
<status status="PASS" start="2025-04-02T16:04:46.961373" elapsed="8.310380"/>
</test>
<status status="PASS" start="2025-04-02T16:04:46.522336" elapsed="8.759489"/>
</suite>
<statistics>
<total>
<stat pass="1" fail="0" skip="0">All Tests</stat>
</total>
<tag>
</tag>
<suite>
<stat name="Tehtava5" id="s1" pass="1" fail="0" skip="0">Tehtava5</stat>
</suite>
</statistics>
<errors>
</errors>
</robot>
